<?xml version="1.0" encoding="UTF-8"?>
<!-- Generated by org.testng.reporters.JUnitXMLReporter -->
<testsuite ignored="0" hostname="Farah" failures="0" tests="4" name="Default test" time="57.055" errors="0" timestamp="2026-06-02T17:16:28 EEST">
  <testcase classname="test.PasswordTests" name="TC_m3_22_verifyChangePasswordPageDisplayed" time="6.222"/>
  <testcase classname="test.PasswordTests" name="TC_m3_23_passwordChangeWithIncorrectOldPassword" time="6.582"/>
  <testcase classname="test.PasswordTests" name="TC_m3_24_passwordChangeWithWeakNewPassword" time="6.52"/>
  <testcase classname="test.PasswordTests" name="TC_m3_25_passwordChangeWithEmptyFields" time="6.316"/>
</testsuite> <!-- Default test -->
