<?xml version="1.0" encoding="UTF-8"?>
<!-- Generated by org.testng.reporters.JUnitReportReporter -->
<testsuite hostname="Farah" failures="0" tests="4" name="test.PasswordTests" time="57.016" errors="0" timestamp="2026-06-02T17:16:28 EEST" skipped="0">
  <testcase classname="test.PasswordTests" name="TC_m3_22_verifyChangePasswordPageDisplayed" time="13.753"/>
  <testcase classname="test.PasswordTests" name="TC_m3_23_passwordChangeWithIncorrectOldPassword" time="14.622"/>
  <testcase classname="test.PasswordTests" name="TC_m3_24_passwordChangeWithWeakNewPassword" time="14.682"/>
  <testcase classname="test.PasswordTests" name="TC_m3_25_passwordChangeWithEmptyFields" time="13.959"/>
</testsuite> <!-- test.PasswordTests -->
