<?xml version="1.0" encoding="UTF-8"?>
<!-- Generated by org.testng.reporters.JUnitReportReporter -->
<testsuite hostname="Farah" failures="0" tests="16" name="test.SecurityTests" time="188.860" errors="0" timestamp="2026-06-02T17:15:02 EEST" skipped="0">
  <testcase classname="test.SecurityTests" name="TC_m3_01_verifyRegistrationUIFields" time="8.285"/>
  <testcase classname="test.SecurityTests" name="TC_m3_03_submitRegistrationWithEmptyFields" time="8.068"/>
  <testcase classname="test.SecurityTests" name="TC_m3_09_verifyLoginUIElements" time="7.981"/>
  <testcase classname="test.SecurityTests" name="TC_m3_11_loginWithIncorrectPassword" time="13.618"/>
  <testcase classname="test.SecurityTests" name="TC_m3_13_loginWithEmptyFields" time="13.281"/>
  <testcase classname="test.SecurityTests" name="TC_m3_02_validUserRegistration" time="8.560"/>
  <testcase classname="test.SecurityTests" name="TC_m3_04_registrationWithInvalidEmail" time="8.587"/>
  <testcase classname="test.SecurityTests" name="TC_m3_05_registrationWithWeakPassword" time="8.739"/>
  <testcase classname="test.SecurityTests" name="TC_m3_10_successfulLogin" time="13.275"/>
  <testcase classname="test.SecurityTests" name="TC_m3_14_successfulLogout" time="19.567"/>
  <testcase classname="test.SecurityTests" name="TC_m3_16_unauthenticatedDirectURLAccess" time="9.998"/>
  <testcase classname="test.SecurityTests" name="TC_m3_17_viewProfileManagementDetails" time="13.406"/>
  <testcase classname="test.SecurityTests" name="TC_m3_18_editProfileDetailsSuccessfully" time="13.958"/>
  <testcase classname="test.SecurityTests" name="TC_m3_19_profileUpdateWithInvalidPhoneFormat" time="13.920"/>
  <testcase classname="test.SecurityTests" name="TC_m3_20_profileUpdateWithInvalidPostcode" time="13.851"/>
  <testcase classname="test.SecurityTests" name="TC_m3_21_profileUpdateWithEmptyMandatoryData" time="13.766"/>
</testsuite> <!-- test.SecurityTests -->
